  [4;36;1mSQL (0.2ms)[0m   [0;1mSET NAMES 'utf8'[0m
  [4;35;1mSQL (0.1ms)[0m   [0mSET SQL_AUTO_IS_NULL=0[0m


Processing UserSessionsController#new (for 127.0.0.1 at 2010-01-30 18:16:06) [GET]
  Parameters: {"action"=>"new", "controller"=>"user_sessions"}
  [4;36;1mUser Columns (21.9ms)[0m   [0;1mSHOW FIELDS FROM `users`[0m
Rendering template within layouts/application
Rendering user_sessions/new
Rendered users/_form (22.3ms)
Completed in 168ms (View: 43, DB: 46) | 200 OK [http://localhost/]
  [4;35;1mSQL (0.1ms)[0m   [0mSET NAMES 'utf8'[0m
  [4;36;1mSQL (0.1ms)[0m   [0;1mSET SQL_AUTO_IS_NULL=0[0m


Processing QuestionsController#new (for 127.0.0.1 at 2010-01-30 18:16:14) [GET]
  Parameters: {"action"=>"new", "controller"=>"questions"}
  [4;35;1mUser Columns (2.0ms)[0m   [0mSHOW FIELDS FROM `users`[0m
Redirected to http://localhost:3000/user_session/new
Filter chain halted as [:require_user] rendered_or_redirected.
Completed in 12ms (DB: 3) | 302 Found [http://localhost/questions/new]
  [4;36;1mSQL (0.1ms)[0m   [0;1mSET NAMES 'utf8'[0m
  [4;35;1mSQL (0.1ms)[0m   [0mSET SQL_AUTO_IS_NULL=0[0m


Processing UserSessionsController#new (for 127.0.0.1 at 2010-01-30 18:16:14) [GET]
  Parameters: {"action"=>"new", "controller"=>"user_sessions"}
  [4;36;1mUser Columns (1.7ms)[0m   [0;1mSHOW FIELDS FROM `users`[0m
Rendering template within layouts/application
Rendering user_sessions/new
Rendered users/_form (0.6ms)
Completed in 73ms (View: 3, DB: 2) | 200 OK [http://localhost/user_session/new]
  [4;35;1mSQL (0.2ms)[0m   [0mSET NAMES 'utf8'[0m
  [4;36;1mSQL (0.1ms)[0m   [0;1mSET SQL_AUTO_IS_NULL=0[0m


Processing UsersController#new (for 127.0.0.1 at 2010-01-30 18:16:32) [GET]
  Parameters: {"action"=>"new", "controller"=>"users"}
  [4;35;1mUser Columns (3.1ms)[0m   [0mSHOW FIELDS FROM `users`[0m
Rendering template within layouts/application
Rendering users/new
Rendered users/_form (0.6ms)
Completed in 30ms (View: 8, DB: 4) | 200 OK [http://localhost/account/new]
  [4;36;1mSQL (0.1ms)[0m   [0;1mSET NAMES 'utf8'[0m
  [4;35;1mSQL (0.1ms)[0m   [0mSET SQL_AUTO_IS_NULL=0[0m


Processing UsersController#create (for 127.0.0.1 at 2010-01-30 18:16:43) [POST]
  Parameters: {"user"=>{"password"=>"[FILTERED]", "email"=>"jamboni@rolo.com"}, "commit"=>"Register", "action"=>"create", "authenticity_token"=>"zAh/mYFEdLUN9TgecoiSyZiWXFwovlpRxkqT9ge/FKg=", "controller"=>"users"}
  [4;36;1mUser Columns (3.0ms)[0m   [0;1mSHOW FIELDS FROM `users`[0m
  [4;35;1mSQL (0.1ms)[0m   [0mBEGIN[0m
  [4;36;1mUser Exists (0.7ms)[0m   [0;1mSELECT `users`.id FROM `users` WHERE (LOWER(`users`.`email`) = BINARY 'jamboni@rolo.com') LIMIT 1[0m
  [4;35;1mUser Exists (0.3ms)[0m   [0mSELECT `users`.id FROM `users` WHERE (`users`.`persistence_token` = BINARY 'b82153288185c91eb76a310729af87917fe15a271ca8f94f2303b3f3059046704200d84ffca805c1330dc560f01a2fa2016e9526261b33cca73c222dc56ee270') LIMIT 1[0m
  [4;36;1mUser Exists (0.2ms)[0m   [0;1mSELECT `users`.id FROM `users` WHERE (`users`.`single_access_token` = BINARY 'vSTN1ptM5ajftUbIc9b5') LIMIT 1[0m
  [4;35;1mUser Create (0.5ms)[0m   [0mINSERT INTO `users` (`last_login_at`, `last_request_at`, `updated_at`, `crypted_password`, `single_access_token`, `perishable_token`, `current_login_ip`, `password_salt`, `current_login_at`, `failed_login_count`, `persistence_token`, `login_count`, `email`, `last_login_ip`, `created_at`) VALUES(NULL, '2010-01-31 02:16:44', '2010-01-31 02:16:44', '90dba6b45c38ef2a5ca3ed253619935df874fe6ed053b54f058a389f32f4445277f6ee8674a149d4f393ab0c6e2f05260f64491bc3ab0e23dd0f2cb1bcdbc48e', 'vSTN1ptM5ajftUbIc9b5', '0a1EKuOfO-fvpYr2P8ZT', '127.0.0.1', 'cis62hcQ8lk3kM0mx48I', '2010-01-31 02:16:44', 0, 'b82153288185c91eb76a310729af87917fe15a271ca8f94f2303b3f3059046704200d84ffca805c1330dc560f01a2fa2016e9526261b33cca73c222dc56ee270', 1, 'jamboni@rolo.com', NULL, '2010-01-31 02:16:44')[0m
  [4;36;1mSQL (0.6ms)[0m   [0;1mCOMMIT[0m
Redirected to http://localhost:3000/questions/new
Completed in 373ms (DB: 6) | 302 Found [http://localhost/account]
  [4;35;1mSQL (0.1ms)[0m   [0mSET NAMES 'utf8'[0m
  [4;36;1mSQL (0.1ms)[0m   [0;1mSET SQL_AUTO_IS_NULL=0[0m


Processing QuestionsController#new (for 127.0.0.1 at 2010-01-30 18:16:44) [GET]
  Parameters: {"action"=>"new", "controller"=>"questions"}
  [4;35;1mUser Columns (2.0ms)[0m   [0mSHOW FIELDS FROM `users`[0m
  [4;36;1mUser Load (0.3ms)[0m   [0;1mSELECT * FROM `users` WHERE (`users`.`persistence_token` = 'b82153288185c91eb76a310729af87917fe15a271ca8f94f2303b3f3059046704200d84ffca805c1330dc560f01a2fa2016e9526261b33cca73c222dc56ee270') LIMIT 1[0m
  [4;35;1mSQL (0.1ms)[0m   [0mBEGIN[0m
  [4;36;1mUser Update (0.5ms)[0m   [0;1mUPDATE `users` SET `perishable_token` = 'gg-E5E5GcEC87AE4yDgH', `updated_at` = '2010-01-31 02:16:44', `last_request_at` = '2010-01-31 02:16:44' WHERE `id` = 2[0m
  [4;35;1mSQL (2.5ms)[0m   [0mCOMMIT[0m
  [4;36;1mQuestion Columns (1.6ms)[0m   [0;1mSHOW FIELDS FROM `questions`[0m
Rendering template within layouts/application
Rendering questions/new
Completed in 106ms (View: 26, DB: 7) | 200 OK [http://localhost/questions/new]
  [4;35;1mSQL (0.5ms)[0m   [0mSET NAMES 'utf8'[0m
  [4;36;1mSQL (0.3ms)[0m   [0;1mSET SQL_AUTO_IS_NULL=0[0m


Processing QuestionsController#create (for 127.0.0.1 at 2010-01-30 18:16:52) [POST]
  Parameters: {"commit"=>"Submit", "action"=>"create", "authenticity_token"=>"zAh/mYFEdLUN9TgecoiSyZiWXFwovlpRxkqT9ge/FKg=", "controller"=>"questions", "question"=>{"text"=>"Why does God make cows have spots?"}}
  [4;35;1mUser Columns (3.0ms)[0m   [0mSHOW FIELDS FROM `users`[0m
  [4;36;1mUser Load (0.3ms)[0m   [0;1mSELECT * FROM `users` WHERE (`users`.`persistence_token` = 'b82153288185c91eb76a310729af87917fe15a271ca8f94f2303b3f3059046704200d84ffca805c1330dc560f01a2fa2016e9526261b33cca73c222dc56ee270') LIMIT 1[0m
  [4;35;1mSQL (0.1ms)[0m   [0mBEGIN[0m
  [4;36;1mUser Update (0.3ms)[0m   [0;1mUPDATE `users` SET `perishable_token` = '-3sx50qHlKvIrmkdM7IO', `updated_at` = '2010-01-31 02:16:52', `last_request_at` = '2010-01-31 02:16:52' WHERE `id` = 2[0m
  [4;35;1mSQL (0.7ms)[0m   [0mCOMMIT[0m
  [4;36;1mQuestion Columns (1.3ms)[0m   [0;1mSHOW FIELDS FROM `questions`[0m
  [4;35;1mSQL (0.1ms)[0m   [0mBEGIN[0m
  [4;36;1mQuestion Create (0.4ms)[0m   [0;1mINSERT INTO `questions` (`updated_at`, `text`, `user_deleted`, `user_id`, `created_at`) VALUES('2010-01-31 02:16:52', 'Why does God make cows have spots?', 0, 2, '2010-01-31 02:16:52')[0m
  [4;35;1mSQL (0.7ms)[0m   [0mCOMMIT[0m
Redirected to http://localhost:3000/questions/4
Completed in 36ms (DB: 8) | 302 Found [http://localhost/questions]
  [4;36;1mSQL (0.1ms)[0m   [0;1mSET NAMES 'utf8'[0m
  [4;35;1mSQL (0.1ms)[0m   [0mSET SQL_AUTO_IS_NULL=0[0m


Processing QuestionsController#show (for 127.0.0.1 at 2010-01-30 18:16:52) [GET]
  Parameters: {"action"=>"show", "id"=>"4", "controller"=>"questions"}
  [4;36;1mUser Columns (1.8ms)[0m   [0;1mSHOW FIELDS FROM `users`[0m
  [4;35;1mUser Load (0.3ms)[0m   [0mSELECT * FROM `users` WHERE (`users`.`persistence_token` = 'b82153288185c91eb76a310729af87917fe15a271ca8f94f2303b3f3059046704200d84ffca805c1330dc560f01a2fa2016e9526261b33cca73c222dc56ee270') LIMIT 1[0m
  [4;36;1mSQL (0.1ms)[0m   [0;1mBEGIN[0m
  [4;35;1mUser Update (0.2ms)[0m   [0mUPDATE `users` SET `perishable_token` = 'hOAQFNwnjmY1Z1gT8-cr', `updated_at` = '2010-01-31 02:16:53', `last_request_at` = '2010-01-31 02:16:53' WHERE `id` = 2[0m
  [4;36;1mSQL (0.8ms)[0m   [0;1mCOMMIT[0m
  [4;35;1mQuestion Columns (3.3ms)[0m   [0mSHOW FIELDS FROM `questions`[0m
  [4;36;1mQuestion Load (0.4ms)[0m   [0;1mSELECT * FROM `questions` WHERE (`questions`.`id` = 4) LIMIT 1[0m
Rendering template within layouts/application
Rendering questions/show
  [4;35;1mAnswer Columns (1.4ms)[0m   [0mSHOW FIELDS FROM `answers`[0m
  [4;36;1mSQL (0.7ms)[0m   [0;1mSELECT count(*) AS count_all FROM `answers` WHERE (`answers`.question_id = 4) [0m
Completed in 67ms (View: 34, DB: 9) | 200 OK [http://localhost/questions/4]
  [4;35;1mSQL (0.1ms)[0m   [0mSET NAMES 'utf8'[0m
  [4;36;1mSQL (0.2ms)[0m   [0;1mSET SQL_AUTO_IS_NULL=0[0m


Processing QuestionsController#index (for 127.0.0.1 at 2010-01-30 18:16:55) [GET]
  Parameters: {"action"=>"index", "controller"=>"questions"}
  [4;35;1mUser Columns (2.2ms)[0m   [0mSHOW FIELDS FROM `users`[0m
  [4;36;1mUser Load (0.3ms)[0m   [0;1mSELECT * FROM `users` WHERE (`users`.`persistence_token` = 'b82153288185c91eb76a310729af87917fe15a271ca8f94f2303b3f3059046704200d84ffca805c1330dc560f01a2fa2016e9526261b33cca73c222dc56ee270') LIMIT 1[0m
  [4;35;1mSQL (0.1ms)[0m   [0mBEGIN[0m
  [4;36;1mUser Update (0.2ms)[0m   [0;1mUPDATE `users` SET `perishable_token` = 'rb04g2nY03cBSfDh8SPP', `updated_at` = '2010-01-31 02:16:55', `last_request_at` = '2010-01-31 02:16:55' WHERE `id` = 2[0m
  [4;35;1mSQL (0.7ms)[0m   [0mCOMMIT[0m
  [4;36;1mQuestion Load (0.3ms)[0m   [0;1mSELECT * FROM `questions` WHERE (`questions`.`user_id` = 2 AND `questions`.`user_deleted` = 0) [0m
Rendering template within layouts/application
Rendering questions/index
  [4;35;1mQuestion Columns (1.5ms)[0m   [0mSHOW FIELDS FROM `questions`[0m
  [4;36;1mAnswer Columns (1.7ms)[0m   [0;1mSHOW FIELDS FROM `answers`[0m
  [4;35;1mSQL (0.5ms)[0m   [0mSELECT count(*) AS count_all FROM `answers` WHERE (`answers`.question_id = 4) [0m
Completed in 130ms (View: 101, DB: 8) | 200 OK [http://localhost/questions]
  [4;36;1mSQL (0.2ms)[0m   [0;1mSET NAMES 'utf8'[0m
  [4;35;1mSQL (0.1ms)[0m   [0mSET SQL_AUTO_IS_NULL=0[0m


Processing QuestionsController#new (for 127.0.0.1 at 2010-01-30 18:28:20) [GET]
  Parameters: {"action"=>"new", "controller"=>"questions"}
  [4;36;1mUser Columns (2.2ms)[0m   [0;1mSHOW FIELDS FROM `users`[0m
  [4;35;1mUser Load (0.3ms)[0m   [0mSELECT * FROM `users` WHERE (`users`.`persistence_token` = 'b82153288185c91eb76a310729af87917fe15a271ca8f94f2303b3f3059046704200d84ffca805c1330dc560f01a2fa2016e9526261b33cca73c222dc56ee270') LIMIT 1[0m
  [4;36;1mSQL (0.1ms)[0m   [0;1mBEGIN[0m
  [4;35;1mUser Update (0.2ms)[0m   [0mUPDATE `users` SET `perishable_token` = 'xDTgExDYijN0vu9Pycau', `updated_at` = '2010-01-31 02:28:20', `last_request_at` = '2010-01-31 02:28:20' WHERE `id` = 2[0m
  [4;36;1mSQL (0.7ms)[0m   [0;1mCOMMIT[0m
  [4;35;1mQuestion Columns (1.4ms)[0m   [0mSHOW FIELDS FROM `questions`[0m
Rendering template within layouts/application
Rendering questions/new
Completed in 29ms (View: 3, DB: 6) | 200 OK [http://localhost/questions/new]
  [4;36;1mSQL (0.1ms)[0m   [0;1mSET NAMES 'utf8'[0m
  [4;35;1mSQL (0.1ms)[0m   [0mSET SQL_AUTO_IS_NULL=0[0m


Processing QuestionsController#index (for 127.0.0.1 at 2010-01-30 18:28:21) [GET]
  Parameters: {"action"=>"index", "controller"=>"questions"}
  [4;36;1mUser Columns (2.2ms)[0m   [0;1mSHOW FIELDS FROM `users`[0m
  [4;35;1mUser Load (0.3ms)[0m   [0mSELECT * FROM `users` WHERE (`users`.`persistence_token` = 'b82153288185c91eb76a310729af87917fe15a271ca8f94f2303b3f3059046704200d84ffca805c1330dc560f01a2fa2016e9526261b33cca73c222dc56ee270') LIMIT 1[0m
  [4;36;1mSQL (0.1ms)[0m   [0;1mBEGIN[0m
  [4;35;1mUser Update (0.2ms)[0m   [0mUPDATE `users` SET `perishable_token` = 'fLj3A8hrN2s6a9OC8coK', `updated_at` = '2010-01-31 02:28:21', `last_request_at` = '2010-01-31 02:28:21' WHERE `id` = 2[0m
  [4;36;1mSQL (0.8ms)[0m   [0;1mCOMMIT[0m
  [4;35;1mQuestion Load (0.3ms)[0m   [0mSELECT * FROM `questions` WHERE (`questions`.`user_id` = 2 AND `questions`.`user_deleted` = 0) [0m
Rendering template within layouts/application
Rendering questions/index
  [4;36;1mQuestion Columns (1.4ms)[0m   [0;1mSHOW FIELDS FROM `questions`[0m
  [4;35;1mAnswer Columns (1.3ms)[0m   [0mSHOW FIELDS FROM `answers`[0m
  [4;36;1mSQL (0.7ms)[0m   [0;1mSELECT count(*) AS count_all FROM `answers` WHERE (`answers`.question_id = 4) [0m
Completed in 33ms (View: 7, DB: 8) | 200 OK [http://localhost/questions]
  [4;35;1mSQL (0.1ms)[0m   [0mSET NAMES 'utf8'[0m
  [4;36;1mSQL (0.1ms)[0m   [0;1mSET SQL_AUTO_IS_NULL=0[0m


Processing UserSessionsController#new (for 69.63.186.244 at 2010-01-31 10:51:45) [POST]
  Parameters: {"fb_sig_time"=>"1264963904.8815", "fb_sig_in_new_facebook"=>"1", "fb_sig_app_id"=>"259133827934", "fb_sig"=>"00565b192bcb79a4d084a7b7fd91d973", "action"=>"new", "fb_sig_locale"=>"en_US", "fb_sig_in_canvas"=>"1", "fb_sig_session_key"=>"6757e559a0d63438eac5c196-3620136", "controller"=>"user_sessions", "fb_sig_request_method"=>"GET", "fb_sig_expires"=>"0", "fb_sig_friends"=>"12650,214715,404407,911059,920412,1224560,1224923,2519624,3218820,3220716,3225279,3227042,3405496,3433499,3600375,3600496,3600502,3601390,3601498,3601691,3601727,3602060,3602338,3602388,3602478,3602604,3603100,3603163,3603238,3603505,3604035,3604857,3605238,3605265,3605368,3606234,3606318,3607071,3607638,3608622,3608825,3608905,3610997,3611345,3611535,3614199,3614429,3614749,3614822,3614876,3614883,3614998,3615051,3615114,3615248,3615284,3615388,3615532,3615597,3615606,3615639,3615642,3615679,3615780,3615852,3615867,3615889,3615924,3615931,3615971,3616018,3616062,3616184,3616220,3616329,3616373,3616410,3616433,3616452,3616468,3616492,3616501,3616637,3616689,3616726,3616739,3616744,3616775,3616845,3616940,3616976,3617017,3617019,3617033,3617041,3617047,3617089,3617124,3617131,3617140,3617171,3617216,3617248,3617258,3617316,3617335,3617344,3617418,3617454,3617479,3617488,3617611,3617669,3617681,3617716,3617774,3617782,3617789,3617858,3617876,3617992,3618033,3618074,3618127,3618187,3618243,3618259,3618275,3618280,3618294,3618300,3618303,3618309,3618373,3618411,3618497,3618562,3618656,3618669,3618702,3618775,3618856,3618880,3618908,3618927,3618928,3618945,3618956,3618988,3618990,3618998,3619103,3619112,3619154,3619155,3619163,3619224,3619256,3619259,3619271,3619344,3619353,3619374,3619434,3619441,3619449,3619467,3619521,3619527,3619549,3619577,3619603,3619605,3619640,3619654,3619676,3619700,3619730,3619789,3619830,3619833,3619860,3619944,3620086,3620194,3620198,3620340,3620366,3620394,3620410,3620434,3620467,3620500,3620537,3620611,3620687,3620708,3620837,3620889,3621027,3621281,3621376,3621421,3621459,3621631,3621718,3621868,3622156,3622200,3622440,3623457,3623859,3624039,3624336,3624395,3624548,3624672,3624789,3624820,3624970,3625074,3625201,3625302,3625611,3625738,3625869,3625953,3626214,3626470,3626479,3626553,3626564,3626579,3626632,3626667,3626684,3626742,3626750,3626760,3626831,3626878,3627111,3627242,3627268,3627772,3627774,3628030,3628128,3628528,3628606,3628974,3629108,3629151,3629668,3630006,3630019,3630492,4805658,6006243,6013714,6307414,6417018,6717013,7301179,7301247,8806779,9417630,10806001,10806576,11518790,11520744,11701134,15103957,15107478,16100195,20203269,20207700,22016593,28003119,29910331,30509690,30511937,33203052,48102331,53602139,61016981,80300302,81503673,81503939,81504439,81504762,169804175,196700064,201300162,201304039,205500272,225501144,500699765,501011565,501773785,502766644,505221864,505486822,505745204,507352325,507554300,509829627,509933878,510854089,510931975,513072850,517049939,532747211,539614421,543221409,543303508,550665359,556076991,558789672,559971457,567501798,570037095,570390652,570775936,577121955,584592738,587251845,588465286,593139555,594990068,600214768,601285648,601401299,627225910,629376881,632173940,632857350,633862147,636955002,667146686,678288277,681058598,681590242,682573434,686725954,687379148,691406040,696356954,701955345,704621409,708325221,713786722,720855584,721003453,722532822,725653249,731176920,742124988,745418293,746665354,750150923,750152965,753387558,761082235,784560323,791475159,796713056,807060003,832109195,850235483,873665161,1016396347,1020950349,1036560184,1038000066,1038212296,1046310010,1048590059,1056450399,1058460068,1062510091,1062900233,1070100001,1070100010,1070100012,1070100014,1070100015,1070100016,1070100018,1070100020,1070100021,1070100024,1070100040,1070100046,1108382676,1109846112,1154880083,1169160684,1179259881,1196405647,1218551173,1219698456,1229730100,1230158875,1261321467,1261585755,1323490917,1348891886,1364246457,1377960159,1405224284,1407036448,1407464884,1419462359,1423701572,1432808183,1438144448,1467967018,1506314439,1540680909,1542570076,1560143363,1619296634,1622164130,1632199548,1674923602,1677796737,1695294233,1722285001,1804967003,1818328313,100000059674478,100000102254405,100000236692743,100000682450860,100000683084889,100000684164753,100000739000805", "fb_sig_added"=>"1", "fb_sig_ext_perms"=>"status_update,photo_upload,video_upload,offline_access,email,create_note,share_item,auto_publish_short_feed,publish_stream,auto_publish_recent_activity,contact_email", "fb_sig_api_key"=>"d243f090f4a3ee5bdf9dbb08b42d4ff0", "fb_sig_profile_update_time"=>"1263232655", "fb_sig_user"=>"3620136"}

ActionController::InvalidAuthenticityToken (ActionController::InvalidAuthenticityToken):
  

Rendered rescues/_trace (33.1ms)
Rendered rescues/_request_and_response (2.3ms)
Rendering rescues/layout (unprocessable_entity)


Processing UserSessionsController#new (for 127.0.0.1 at 2010-03-25 12:15:51) [GET]
  Parameters: {"action"=>"new", "controller"=>"user_sessions"}

ActiveRecord::StatementInvalid (Could not find table 'sessions'):
  app/controllers/application_controller.rb:14:in `current_user_session'
  app/controllers/application_controller.rb:19:in `current_user'
  app/controllers/application_controller.rb:32:in `require_no_user'

Rendered rescues/_trace (39.1ms)
Rendered rescues/_request_and_response (1.4ms)
Rendering rescues/layout (internal_server_error)
  [4;36;1mSQL (0.5ms)[0m   [0;1m SELECT name
 FROM sqlite_master
 WHERE type = 'table' AND NOT name = 'sqlite_sequence'
[0m
  [4;35;1mSQL (0.2ms)[0m   [0mselect sqlite_version(*)[0m
  [4;36;1mSQL (2.5ms)[0m   [0;1mCREATE TABLE "schema_migrations" ("version" varchar(255) NOT NULL) [0m
  [4;35;1mSQL (2.3ms)[0m   [0mCREATE UNIQUE INDEX "unique_schema_migrations" ON "schema_migrations" ("version")[0m
  [4;36;1mSQL (0.3ms)[0m   [0;1m SELECT name
 FROM sqlite_master
 WHERE type = 'table' AND NOT name = 'sqlite_sequence'
[0m
  [4;35;1mSQL (0.1ms)[0m   [0mSELECT version FROM schema_migrations[0m
Migrating to CreateUsers (20090907231549)
  [4;36;1mSQL (0.9ms)[0m   [0;1mCREATE TABLE "users" ("id" INTEGER PRIMARY KEY AUTOINCREMENT NOT NULL, "email" varchar(255) NOT NULL, "crypted_password" varchar(255) NOT NULL, "password_salt" varchar(255) NOT NULL, "persistence_token" varchar(255) NOT NULL, "single_access_token" varchar(255) NOT NULL, "perishable_token" varchar(255) NOT NULL, "login_count" integer DEFAULT 0 NOT NULL, "failed_login_count" integer DEFAULT 0 NOT NULL, "last_request_at" datetime, "current_login_at" datetime, "last_login_at" datetime, "current_login_ip" varchar(255), "last_login_ip" varchar(255), "created_at" datetime, "updated_at" datetime) [0m
  [4;35;1mSQL (0.2ms)[0m   [0mCREATE INDEX "index_users_on_email" ON "users" ("email")[0m
  [4;36;1mSQL (0.3ms)[0m   [0;1mINSERT INTO schema_migrations (version) VALUES ('20090907231549')[0m
Migrating to CreateSessions (20090908002359)
  [4;35;1mSQL (0.6ms)[0m   [0mCREATE TABLE "sessions" ("id" INTEGER PRIMARY KEY AUTOINCREMENT NOT NULL, "session_id" varchar(255) NOT NULL, "data" text, "created_at" datetime, "updated_at" datetime) [0m
  [4;36;1mSQL (0.2ms)[0m   [0;1mCREATE INDEX "index_sessions_on_session_id" ON "sessions" ("session_id")[0m
  [4;35;1mSQL (0.2ms)[0m   [0mCREATE INDEX "index_sessions_on_updated_at" ON "sessions" ("updated_at")[0m
  [4;36;1mSQL (0.3ms)[0m   [0;1mINSERT INTO schema_migrations (version) VALUES ('20090908002359')[0m
Migrating to CreateQuestions (20090908021946)
  [4;35;1mSQL (0.7ms)[0m   [0mCREATE TABLE "questions" ("id" INTEGER PRIMARY KEY AUTOINCREMENT NOT NULL, "user_id" integer, "text" varchar(255), "created_at" datetime, "updated_at" datetime) [0m
  [4;36;1mSQL (0.2ms)[0m   [0;1mINSERT INTO schema_migrations (version) VALUES ('20090908021946')[0m
Migrating to AddUserDeletedField (20100117221635)
  [4;35;1mSQL (0.5ms)[0m   [0mALTER TABLE "questions" ADD "user_deleted" boolean DEFAULT 'f'[0m
  [4;36;1mSQL (0.1ms)[0m   [0;1mINSERT INTO schema_migrations (version) VALUES ('20100117221635')[0m
Migrating to CreateAnswers (20100118025758)
  [4;35;1mSQL (0.5ms)[0m   [0mCREATE TABLE "answers" ("id" INTEGER PRIMARY KEY AUTOINCREMENT NOT NULL, "question_id" integer, "text" varchar(255), "created_at" datetime, "updated_at" datetime) [0m
  [4;36;1mSQL (0.1ms)[0m   [0;1mINSERT INTO schema_migrations (version) VALUES ('20100118025758')[0m
  [4;35;1mSQL (0.5ms)[0m   [0m SELECT name
 FROM sqlite_master
 WHERE type = 'table' AND NOT name = 'sqlite_sequence'
[0m
  [4;36;1mSQL (0.3ms)[0m   [0;1mSELECT version FROM schema_migrations[0m
  [4;35;1mSQL (0.3ms)[0m   [0m SELECT name
 FROM sqlite_master
 WHERE type = 'table' AND NOT name = 'sqlite_sequence'
[0m
  [4;36;1mSQL (0.1ms)[0m   [0;1mPRAGMA index_list("answers")[0m
  [4;35;1mSQL (0.1ms)[0m   [0mPRAGMA index_list("questions")[0m
  [4;36;1mSQL (0.2ms)[0m   [0;1mPRAGMA index_list("sessions")[0m
  [4;35;1mSQL (0.1ms)[0m   [0mPRAGMA index_info('index_sessions_on_updated_at')[0m
  [4;36;1mSQL (0.1ms)[0m   [0;1mPRAGMA index_info('index_sessions_on_session_id')[0m
  [4;35;1mSQL (0.1ms)[0m   [0mPRAGMA index_list("users")[0m
  [4;36;1mSQL (0.1ms)[0m   [0;1mPRAGMA index_info('index_users_on_email')[0m


Processing UserSessionsController#new (for 127.0.0.1 at 2010-03-25 12:16:13) [GET]
  Parameters: {"action"=>"new", "controller"=>"user_sessions"}
Rendering template within layouts/application
Rendering user_sessions/new
Rendered users/_form (2.4ms)
Completed in 57ms (View: 15, DB: 0) | 200 OK [http://localhost/]


Processing QuestionsController#new (for 127.0.0.1 at 2010-03-25 12:17:10) [GET]
  Parameters: {"action"=>"new", "controller"=>"questions"}
Redirected to http://localhost:3000/user_session/new
Filter chain halted as [:require_user] rendered_or_redirected.
Completed in 13ms (DB: 0) | 302 Found [http://localhost/questions/new]


Processing UserSessionsController#new (for 127.0.0.1 at 2010-03-25 12:17:10) [GET]
  Parameters: {"action"=>"new", "controller"=>"user_sessions"}
Rendering template within layouts/application
Rendering user_sessions/new
Rendered users/_form (0.6ms)
Completed in 69ms (View: 3, DB: 0) | 200 OK [http://localhost/user_session/new]


Processing UserSessionsController#new (for 127.0.0.1 at 2010-03-25 12:17:11) [GET]
  Parameters: {"action"=>"new", "controller"=>"user_sessions"}
Rendering template within layouts/application
Rendering user_sessions/new
Rendered users/_form (0.6ms)
Completed in 16ms (View: 3, DB: 0) | 200 OK [http://localhost/user_session/new]


Processing UsersController#new (for 127.0.0.1 at 2010-03-25 12:17:12) [GET]
  Parameters: {"action"=>"new", "controller"=>"users"}
Rendering template within layouts/application
Rendering users/new
Rendered users/_form (0.8ms)
Completed in 21ms (View: 8, DB: 0) | 200 OK [http://localhost/account/new]


Processing UserSessionsController#new (for 127.0.0.1 at 2010-03-25 12:17:13) [GET]
  Parameters: {"action"=>"new", "controller"=>"user_sessions"}
Rendering template within layouts/application
Rendering user_sessions/new
Rendered users/_form (0.5ms)
Completed in 16ms (View: 3, DB: 0) | 200 OK [http://localhost/user_session/new]


Processing QuestionsController#new (for 127.0.0.1 at 2010-03-25 12:17:14) [GET]
  Parameters: {"action"=>"new", "controller"=>"questions"}
Redirected to http://localhost:3000/user_session/new
Filter chain halted as [:require_user] rendered_or_redirected.
Completed in 11ms (DB: 0) | 302 Found [http://localhost/questions/new]


Processing UserSessionsController#new (for 127.0.0.1 at 2010-03-25 12:17:14) [GET]
  Parameters: {"action"=>"new", "controller"=>"user_sessions"}
Rendering template within layouts/application
Rendering user_sessions/new
Rendered users/_form (0.6ms)
Completed in 16ms (View: 3, DB: 0) | 200 OK [http://localhost/user_session/new]
  [4;36;1mSQL (0.6ms)[0m   [0;1mselect sqlite_version(*)[0m
  [4;35;1mSQL (0.5ms)[0m   [0m SELECT name
 FROM sqlite_master
 WHERE type = 'table' AND NOT name = 'sqlite_sequence'
[0m
  [4;36;1mSQL (3.1ms)[0m   [0;1mCREATE TABLE "answers" ("id" INTEGER PRIMARY KEY AUTOINCREMENT NOT NULL, "question_id" integer, "text" varchar(255), "created_at" datetime, "updated_at" datetime) [0m
  [4;35;1mSQL (0.4ms)[0m   [0m SELECT name
 FROM sqlite_master
 WHERE type = 'table' AND NOT name = 'sqlite_sequence'
[0m
  [4;36;1mSQL (2.0ms)[0m   [0;1mCREATE TABLE "questions" ("id" INTEGER PRIMARY KEY AUTOINCREMENT NOT NULL, "user_id" integer, "text" varchar(255), "created_at" datetime, "updated_at" datetime, "user_deleted" boolean DEFAULT 'f') [0m
  [4;35;1mSQL (0.4ms)[0m   [0m SELECT name
 FROM sqlite_master
 WHERE type = 'table' AND NOT name = 'sqlite_sequence'
[0m
  [4;36;1mSQL (2.4ms)[0m   [0;1mCREATE TABLE "sessions" ("id" INTEGER PRIMARY KEY AUTOINCREMENT NOT NULL, "session_id" varchar(255) NOT NULL, "data" text, "created_at" datetime, "updated_at" datetime) [0m
  [4;35;1mSQL (2.7ms)[0m   [0mCREATE INDEX "index_sessions_on_session_id" ON "sessions" ("session_id")[0m
  [4;36;1mSQL (2.2ms)[0m   [0;1mCREATE INDEX "index_sessions_on_updated_at" ON "sessions" ("updated_at")[0m
  [4;35;1mSQL (0.5ms)[0m   [0m SELECT name
 FROM sqlite_master
 WHERE type = 'table' AND NOT name = 'sqlite_sequence'
[0m
  [4;36;1mSQL (2.3ms)[0m   [0;1mCREATE TABLE "users" ("id" INTEGER PRIMARY KEY AUTOINCREMENT NOT NULL, "email" varchar(255) NOT NULL, "crypted_password" varchar(255) NOT NULL, "password_salt" varchar(255) NOT NULL, "persistence_token" varchar(255) NOT NULL, "single_access_token" varchar(255) NOT NULL, "perishable_token" varchar(255) NOT NULL, "login_count" integer DEFAULT 0 NOT NULL, "failed_login_count" integer DEFAULT 0 NOT NULL, "last_request_at" datetime, "current_login_at" datetime, "last_login_at" datetime, "current_login_ip" varchar(255), "last_login_ip" varchar(255), "created_at" datetime, "updated_at" datetime) [0m
  [4;35;1mSQL (2.2ms)[0m   [0mCREATE INDEX "index_users_on_email" ON "users" ("email")[0m
  [4;36;1mSQL (0.9ms)[0m   [0;1m SELECT name
 FROM sqlite_master
 WHERE type = 'table' AND NOT name = 'sqlite_sequence'
[0m
  [4;35;1mSQL (2.4ms)[0m   [0mCREATE TABLE "schema_migrations" ("version" varchar(255) NOT NULL) [0m
  [4;36;1mSQL (2.8ms)[0m   [0;1mCREATE UNIQUE INDEX "unique_schema_migrations" ON "schema_migrations" ("version")[0m
  [4;35;1mSQL (0.6ms)[0m   [0m SELECT name
 FROM sqlite_master
 WHERE type = 'table' AND NOT name = 'sqlite_sequence'
[0m
  [4;36;1mSQL (0.1ms)[0m   [0;1mSELECT version FROM "schema_migrations"[0m
  [4;35;1mSQL (2.9ms)[0m   [0mINSERT INTO "schema_migrations" (version) VALUES ('20100118025758')[0m
  [4;36;1mSQL (2.8ms)[0m   [0;1mINSERT INTO "schema_migrations" (version) VALUES ('20090907231549')[0m
  [4;35;1mSQL (2.4ms)[0m   [0mINSERT INTO "schema_migrations" (version) VALUES ('20090908002359')[0m


Processing UserSessionsController#new (for 127.0.0.1 at 2010-03-25 15:53:08) [GET]
  Parameters: {"action"=>"new", "controller"=>"user_sessions"}
Rendering template within layouts/application
Rendering user_sessions/new
Rendered users/_form (2.4ms)
Completed in 65ms (View: 28, DB: 0) | 200 OK [http://localhost/user_session/new]
